0 info it worked if it ends with ok
1 verbose cli [ 'C:\\Program Files\\nodejs\\node.exe',
1 verbose cli   'C:\\Program Files\\nodejs\\node_modules\\npm\\bin\\npm-cli.js',
1 verbose cli   'run',
1 verbose cli   'lite' ]
2 info using npm@3.10.9
3 info using node@v7.1.0
4 verbose run-script [ 'prelite', 'lite', 'postlite' ]
5 info lifecycle bookmarks@1.0.0~prelite: bookmarks@1.0.0
6 silly lifecycle bookmarks@1.0.0~prelite: no script for prelite, continuing
7 info lifecycle bookmarks@1.0.0~lite: bookmarks@1.0.0
8 verbose lifecycle bookmarks@1.0.0~lite: unsafe-perm in lifecycle true
9 verbose lifecycle bookmarks@1.0.0~lite: PATH: C:\Program Files\nodejs\node_modules\npm\bin\node-gyp-bin;c:\xampp\htdocs\bookmarks\node_modules\.bin;C:\Program Files\nodejs\node_modules\npm\bin\node-gyp-bin;c:\xampp\htdocs\bookmarks\node_modules\.bin;C:\ProgramData\Oracle\Java\javapath;C:\Windows\system32;C:\Windows;C:\Windows\System32\Wbem;C:\Windows\System32\WindowsPowerShell\v1.0\;C:\Program Files (x86)\NVIDIA Corporation\PhysX\Common;C:\Program Files (x86)\GtkSharp\2.12\bin;C:\xampp\php;C:\ProgramData\ComposerSetup\bin;C:\Program Files\nodejs\;C:\Users\denkfabrik\AppData\Local\Programs\EmEditor;C:\OpenSSL-Win64;C:\curl\bin;C:\Users\denkfabrik\AppData\Roaming\Composer\vendor\bin;C:\Users\denkfabrik\AppData\Roaming\npm
10 verbose lifecycle bookmarks@1.0.0~lite: CWD: c:\xampp\htdocs\bookmarks
11 silly lifecycle bookmarks@1.0.0~lite: Args: [ '/d /s /c', 'lite-server' ]
12 silly lifecycle bookmarks@1.0.0~lite: Returned: code: 1  signal: null
13 info lifecycle bookmarks@1.0.0~lite: Failed to exec lite script
14 verbose stack Error: bookmarks@1.0.0 lite: `lite-server`
14 verbose stack Exit status 1
14 verbose stack     at EventEmitter.<anonymous> (C:\Program Files\nodejs\node_modules\npm\lib\utils\lifecycle.js:255:16)
14 verbose stack     at emitTwo (events.js:106:13)
14 verbose stack     at EventEmitter.emit (events.js:191:7)
14 verbose stack     at ChildProcess.<anonymous> (C:\Program Files\nodejs\node_modules\npm\lib\utils\spawn.js:40:14)
14 verbose stack     at emitTwo (events.js:106:13)
14 verbose stack     at ChildProcess.emit (events.js:191:7)
14 verbose stack     at maybeClose (internal/child_process.js:885:16)
14 verbose stack     at Process.ChildProcess._handle.onexit (internal/child_process.js:226:5)
15 verbose pkgid bookmarks@1.0.0
16 verbose cwd c:\xampp\htdocs\bookmarks
17 error Windows_NT 6.1.7601
18 error argv "C:\\Program Files\\nodejs\\node.exe" "C:\\Program Files\\nodejs\\node_modules\\npm\\bin\\npm-cli.js" "run" "lite"
19 error node v7.1.0
20 error npm  v3.10.9
21 error code ELIFECYCLE
22 error bookmarks@1.0.0 lite: `lite-server`
22 error Exit status 1
23 error Failed at the bookmarks@1.0.0 lite script 'lite-server'.
23 error Make sure you have the latest version of node.js and npm installed.
23 error If you do, this is most likely a problem with the bookmarks package,
23 error not with npm itself.
23 error Tell the author that this fails on your system:
23 error     lite-server
23 error You can get information on how to open an issue for this project with:
23 error     npm bugs bookmarks
23 error Or if that isn't available, you can get their info via:
23 error     npm owner ls bookmarks
23 error There is likely additional logging output above.
24 verbose exit [ 1, true ]
